<?xml version="1.0" encoding="UTF-8"?>
<!-- Generated by org.testng.reporters.JUnitReportReporter -->
<testsuite hostname="LAPTOP-6OACLVLF" failures="0" tests="1" name="com.App.TestCases.AppLoginTestCase" time="5.742" errors="0" timestamp="2021-04-07T08:12:21 IST" skipped="0">
  <testcase classname="com.App.TestCases.AppLoginTestCase" name="verifyvalidlogin" time="5.742"/>
  <system-out>
verify username verify password verify button verify signout  </system-out>
</testsuite> <!-- com.App.TestCases.AppLoginTestCase -->
