<?xml version="1.0" encoding="UTF-8"?>
<!-- Generated by org.testng.reporters.JUnitReportReporter -->
<testsuite hostname="LAPTOP-6OACLVLF" failures="0" tests="1" name="com.App.TestCases.verifyWebLinks" time="0.002" errors="0" timestamp="2021-04-07T08:12:21 IST" skipped="0">
  <testcase classname="com.App.TestCases.verifyWebLinks" name="f" time="0.002"/>
  <system-out/>
</testsuite> <!-- com.App.TestCases.verifyWebLinks -->
